<?xml version="1.0" encoding="UTF-8"?>
<testsuite xmlns:xsi="http://www.w3.org/2001/XMLSchema-instance" xsi:noNamespaceSchemaLocation="https://maven.apache.org/surefire/maven-surefire-plugin/xsd/surefire-test-report-3.0.xsd" version="3.0" name="in.javahome.myweb.controller.CalculatorTest" time="0.045" tests="2" errors="0" skipped="0" failures="0">
  <properties>
    <property name="java.specification.version" value="17"/>
    <property name="sun.jnu.encoding" value="ANSI_X3.4-1968"/>
    <property name="java.class.path" value="/var/lib/jenkins/workspace/CICD/target/test-classes:/var/lib/jenkins/workspace/CICD/target/classes:/var/lib/jenkins/.m2/repository/com/oracle/bedrock/bedrock-runtime-maven/5.1.2/bedrock-runtime-maven-5.1.2.jar:/var/lib/jenkins/.m2/repository/com/oracle/bedrock/bedrock-runtime/5.1.2/bedrock-runtime-5.1.2.jar:/var/lib/jenkins/.m2/repository/com/oracle/bedrock/bedrock-core/5.1.2/bedrock-core-5.1.2.jar:/var/lib/jenkins/.m2/repository/org/glassfish/javax.el/3.0.1-b08/javax.el-3.0.1-b08.jar:/var/lib/jenkins/.m2/repository/org/mockito/mockito-core/2.20.1/mockito-core-2.20.1.jar:/var/lib/jenkins/.m2/repository/net/bytebuddy/byte-buddy/1.8.13/byte-buddy-1.8.13.jar:/var/lib/jenkins/.m2/repository/net/bytebuddy/byte-buddy-agent/1.8.13/byte-buddy-agent-1.8.13.jar:/var/lib/jenkins/.m2/repository/org/objenesis/objenesis/2.6/objenesis-2.6.jar:/var/lib/jenkins/.m2/repository/org/eclipse/aether/aether-api/1.1.0/aether-api-1.1.0.jar:/var/lib/jenkins/.m2/repository/org/eclipse/aether/aether-spi/1.1.0/aether-spi-1.1.0.jar:/var/lib/jenkins/.m2/repository/org/eclipse/aether/aether-util/1.1.0/aether-util-1.1.0.jar:/var/lib/jenkins/.m2/repository/org/eclipse/aether/aether-impl/1.1.0/aether-impl-1.1.0.jar:/var/lib/jenkins/.m2/repository/org/eclipse/aether/aether-connector-basic/1.1.0/aether-connector-basic-1.1.0.jar:/var/lib/jenkins/.m2/repository/org/eclipse/aether/aether-transport-file/1.1.0/aether-transport-file-1.1.0.jar:/var/lib/jenkins/.m2/repository/org/eclipse/aether/aether-transport-http/1.1.0/aether-transport-http-1.1.0.jar:/var/lib/jenkins/.m2/repository/org/apache/httpcomponents/httpclient/4.3.5/httpclient-4.3.5.jar:/var/lib/jenkins/.m2/repository/org/apache/httpcomponents/httpcore/4.3.2/httpcore-4.3.2.jar:/var/lib/jenkins/.m2/repository/commons-codec/commons-codec/1.6/commons-codec-1.6.jar:/var/lib/jenkins/.m2/repository/org/slf4j/jcl-over-slf4j/1.6.2/jcl-over-slf4j-1.6.2.jar:/var/lib/jenkins/.m2/repository/org/slf4j/slf4j-api/1.6.2/slf4j-api-1.6.2.jar:/var/lib/jenkins/.m2/repository/org/apache/maven/maven-aether-provider/3.3.9/maven-aether-provider-3.3.9.jar:/var/lib/jenkins/.m2/repository/org/apache/maven/maven-model/3.3.9/maven-model-3.3.9.jar:/var/lib/jenkins/.m2/repository/org/apache/maven/maven-model-builder/3.3.9/maven-model-builder-3.3.9.jar:/var/lib/jenkins/.m2/repository/org/apache/maven/maven-artifact/3.3.9/maven-artifact-3.3.9.jar:/var/lib/jenkins/.m2/repository/com/google/guava/guava/18.0/guava-18.0.jar:/var/lib/jenkins/.m2/repository/org/apache/maven/maven-repository-metadata/3.3.9/maven-repository-metadata-3.3.9.jar:/var/lib/jenkins/.m2/repository/org/codehaus/plexus/plexus-component-annotations/1.6/plexus-component-annotations-1.6.jar:/var/lib/jenkins/.m2/repository/org/codehaus/plexus/plexus-utils/3.0.22/plexus-utils-3.0.22.jar:/var/lib/jenkins/.m2/repository/org/apache/commons/commons-lang3/3.4/commons-lang3-3.4.jar:/var/lib/jenkins/.m2/repository/org/apache/maven/maven-settings-builder/3.3.9/maven-settings-builder-3.3.9.jar:/var/lib/jenkins/.m2/repository/org/apache/maven/maven-builder-support/3.3.9/maven-builder-support-3.3.9.jar:/var/lib/jenkins/.m2/repository/org/codehaus/plexus/plexus-interpolation/1.21/plexus-interpolation-1.21.jar:/var/lib/jenkins/.m2/repository/org/apache/maven/maven-settings/3.3.9/maven-settings-3.3.9.jar:/var/lib/jenkins/.m2/repository/org/sonatype/plexus/plexus-sec-dispatcher/1.3/plexus-sec-dispatcher-1.3.jar:/var/lib/jenkins/.m2/repository/org/sonatype/plexus/plexus-cipher/1.4/plexus-cipher-1.4.jar:/var/lib/jenkins/.m2/repository/junit/junit/3.8.1/junit-3.8.1.jar:"/>
    <property name="java.vm.vendor" value="Amazon.com Inc."/>
    <property name="sun.arch.data.model" value="64"/>
    <property name="java.vendor.url" value="https://aws.amazon.com/corretto/"/>
    <property name="os.name" value="Linux"/>
    <property name="java.vm.specification.version" value="17"/>
    <property name="sun.java.launcher" value="SUN_STANDARD"/>
    <property name="user.country" value="US"/>
    <property name="sun.boot.library.path" value="/usr/lib/jvm/java-17-amazon-corretto.x86_64/lib"/>
    <property name="sun.java.command" value="/var/lib/jenkins/workspace/CICD/target/surefire/surefirebooter-20240902124409353_3.jar /var/lib/jenkins/workspace/CICD/target/surefire 2024-09-02T12-44-09_265-jvmRun1 surefire-20240902124409353_1tmp surefire_0-20240902124409353_2tmp"/>
    <property name="jdk.debug" value="release"/>
    <property name="surefire.test.class.path" value="/var/lib/jenkins/workspace/CICD/target/test-classes:/var/lib/jenkins/workspace/CICD/target/classes:/var/lib/jenkins/.m2/repository/com/oracle/bedrock/bedrock-runtime-maven/5.1.2/bedrock-runtime-maven-5.1.2.jar:/var/lib/jenkins/.m2/repository/com/oracle/bedrock/bedrock-runtime/5.1.2/bedrock-runtime-5.1.2.jar:/var/lib/jenkins/.m2/repository/com/oracle/bedrock/bedrock-core/5.1.2/bedrock-core-5.1.2.jar:/var/lib/jenkins/.m2/repository/org/glassfish/javax.el/3.0.1-b08/javax.el-3.0.1-b08.jar:/var/lib/jenkins/.m2/repository/org/mockito/mockito-core/2.20.1/mockito-core-2.20.1.jar:/var/lib/jenkins/.m2/repository/net/bytebuddy/byte-buddy/1.8.13/byte-buddy-1.8.13.jar:/var/lib/jenkins/.m2/repository/net/bytebuddy/byte-buddy-agent/1.8.13/byte-buddy-agent-1.8.13.jar:/var/lib/jenkins/.m2/repository/org/objenesis/objenesis/2.6/objenesis-2.6.jar:/var/lib/jenkins/.m2/repository/org/eclipse/aether/aether-api/1.1.0/aether-api-1.1.0.jar:/var/lib/jenkins/.m2/repository/org/eclipse/aether/aether-spi/1.1.0/aether-spi-1.1.0.jar:/var/lib/jenkins/.m2/repository/org/eclipse/aether/aether-util/1.1.0/aether-util-1.1.0.jar:/var/lib/jenkins/.m2/repository/org/eclipse/aether/aether-impl/1.1.0/aether-impl-1.1.0.jar:/var/lib/jenkins/.m2/repository/org/eclipse/aether/aether-connector-basic/1.1.0/aether-connector-basic-1.1.0.jar:/var/lib/jenkins/.m2/repository/org/eclipse/aether/aether-transport-file/1.1.0/aether-transport-file-1.1.0.jar:/var/lib/jenkins/.m2/repository/org/eclipse/aether/aether-transport-http/1.1.0/aether-transport-http-1.1.0.jar:/var/lib/jenkins/.m2/repository/org/apache/httpcomponents/httpclient/4.3.5/httpclient-4.3.5.jar:/var/lib/jenkins/.m2/repository/org/apache/httpcomponents/httpcore/4.3.2/httpcore-4.3.2.jar:/var/lib/jenkins/.m2/repository/commons-codec/commons-codec/1.6/commons-codec-1.6.jar:/var/lib/jenkins/.m2/repository/org/slf4j/jcl-over-slf4j/1.6.2/jcl-over-slf4j-1.6.2.jar:/var/lib/jenkins/.m2/repository/org/slf4j/slf4j-api/1.6.2/slf4j-api-1.6.2.jar:/var/lib/jenkins/.m2/repository/org/apache/maven/maven-aether-provider/3.3.9/maven-aether-provider-3.3.9.jar:/var/lib/jenkins/.m2/repository/org/apache/maven/maven-model/3.3.9/maven-model-3.3.9.jar:/var/lib/jenkins/.m2/repository/org/apache/maven/maven-model-builder/3.3.9/maven-model-builder-3.3.9.jar:/var/lib/jenkins/.m2/repository/org/apache/maven/maven-artifact/3.3.9/maven-artifact-3.3.9.jar:/var/lib/jenkins/.m2/repository/com/google/guava/guava/18.0/guava-18.0.jar:/var/lib/jenkins/.m2/repository/org/apache/maven/maven-repository-metadata/3.3.9/maven-repository-metadata-3.3.9.jar:/var/lib/jenkins/.m2/repository/org/codehaus/plexus/plexus-component-annotations/1.6/plexus-component-annotations-1.6.jar:/var/lib/jenkins/.m2/repository/org/codehaus/plexus/plexus-utils/3.0.22/plexus-utils-3.0.22.jar:/var/lib/jenkins/.m2/repository/org/apache/commons/commons-lang3/3.4/commons-lang3-3.4.jar:/var/lib/jenkins/.m2/repository/org/apache/maven/maven-settings-builder/3.3.9/maven-settings-builder-3.3.9.jar:/var/lib/jenkins/.m2/repository/org/apache/maven/maven-builder-support/3.3.9/maven-builder-support-3.3.9.jar:/var/lib/jenkins/.m2/repository/org/codehaus/plexus/plexus-interpolation/1.21/plexus-interpolation-1.21.jar:/var/lib/jenkins/.m2/repository/org/apache/maven/maven-settings/3.3.9/maven-settings-3.3.9.jar:/var/lib/jenkins/.m2/repository/org/sonatype/plexus/plexus-sec-dispatcher/1.3/plexus-sec-dispatcher-1.3.jar:/var/lib/jenkins/.m2/repository/org/sonatype/plexus/plexus-cipher/1.4/plexus-cipher-1.4.jar:/var/lib/jenkins/.m2/repository/junit/junit/3.8.1/junit-3.8.1.jar:"/>
    <property name="sun.cpu.endian" value="little"/>
    <property name="user.home" value="/var/lib/jenkins"/>
    <property name="user.language" value="en"/>
    <property name="java.specification.vendor" value="Oracle Corporation"/>
    <property name="java.version.date" value="2024-07-16"/>
    <property name="java.home" value="/usr/lib/jvm/java-17-amazon-corretto.x86_64"/>
    <property name="file.separator" value="/"/>
    <property name="basedir" value="/var/lib/jenkins/workspace/CICD"/>
    <property name="java.vm.compressedOopsMode" value="32-bit"/>
    <property name="line.separator" value="&#10;"/>
    <property name="java.vm.specification.vendor" value="Oracle Corporation"/>
    <property name="java.specification.name" value="Java Platform API Specification"/>
    <property name="surefire.real.class.path" value="/var/lib/jenkins/workspace/CICD/target/surefire/surefirebooter-20240902124409353_3.jar"/>
    <property name="sun.management.compiler" value="HotSpot 64-Bit Tiered Compilers"/>
    <property name="java.runtime.version" value="17.0.12+7-LTS"/>
    <property name="user.name" value="jenkins"/>
    <property name="path.separator" value=":"/>
    <property name="os.version" value="5.10.223-212.873.amzn2.x86_64"/>
    <property name="java.runtime.name" value="OpenJDK Runtime Environment"/>
    <property name="file.encoding" value="ANSI_X3.4-1968"/>
    <property name="java.vm.name" value="OpenJDK 64-Bit Server VM"/>
    <property name="java.vendor.version" value="Corretto-17.0.12.7.1"/>
    <property name="localRepository" value="/var/lib/jenkins/.m2/repository"/>
    <property name="java.vendor.url.bug" value="https://github.com/corretto/corretto-17/issues/"/>
    <property name="java.io.tmpdir" value="/tmp"/>
    <property name="java.version" value="17.0.12"/>
    <property name="user.dir" value="/var/lib/jenkins/workspace/CICD"/>
    <property name="os.arch" value="amd64"/>
    <property name="java.vm.specification.name" value="Java Virtual Machine Specification"/>
    <property name="native.encoding" value="ANSI_X3.4-1968"/>
    <property name="java.library.path" value="/usr/java/packages/lib:/usr/lib64:/lib64:/lib:/usr/lib"/>
    <property name="java.vm.info" value="mixed mode, sharing"/>
    <property name="java.vendor" value="Amazon.com Inc."/>
    <property name="java.vm.version" value="17.0.12+7-LTS"/>
    <property name="sun.io.unicode.encoding" value="UnicodeLittle"/>
    <property name="java.class.version" value="61.0"/>
  </properties>
  <testcase name="testAdd" classname="in.javahome.myweb.controller.CalculatorTest" time="0.003"/>
  <testcase name="testMultiply" classname="in.javahome.myweb.controller.CalculatorTest" time="0.0"/>
</testsuite>